<?xml version="1.0" encoding="UTF-8"?>
<testng-results ignored="0" total="1" passed="1" failed="0" skipped="0">
  <reporter-output>
    <line>
      <![CDATA[@Beforesuite]]>
    </line>
    <line>
      <![CDATA[@BeforeTest]]>
    </line>
    <line>
      <![CDATA[@Beforeclass]]>
    </line>
    <line>
      <![CDATA[@Beforemethod]]>
    </line>
    <line>
      <![CDATA[@Test demo() executed]]>
    </line>
    <line>
      <![CDATA[@Aftermeethod]]>
    </line>
    <line>
      <![CDATA[@Afterclass]]>
    </line>
    <line>
      <![CDATA[@Aftertest]]>
    </line>
    <line>
      <![CDATA[@aftersuite]]>
    </line>
  </reporter-output>
  <suite started-at="2025-10-10T20:59:09 IST" name="Default suite" finished-at="2025-10-10T20:59:09 IST" duration-ms="31">
    <groups>
    </groups>
    <test started-at="2025-10-10T20:59:09 IST" name="Default test" finished-at="2025-10-10T20:59:09 IST" duration-ms="31">
      <class name="testng.ConfigurationsAnnotations">
        <test-method is-config="true" signature="beforesuite()[pri:0, instance:testng.ConfigurationsAnnotations@2aceadd4]" started-at="2025-10-10T20:59:09 IST" name="beforesuite" finished-at="2025-10-10T20:59:09 IST" duration-ms="9" status="PASS">
          <reporter-output>
            <line>
              <![CDATA[@Beforesuite]]>
            </line>
          </reporter-output>
        </test-method> <!-- beforesuite -->
        <test-method is-config="true" signature="beforetest()[pri:0, instance:testng.ConfigurationsAnnotations@2aceadd4]" started-at="2025-10-10T20:59:09 IST" name="beforetest" finished-at="2025-10-10T20:59:09 IST" duration-ms="0" status="PASS">
          <reporter-output>
            <line>
              <![CDATA[@BeforeTest]]>
            </line>
          </reporter-output>
        </test-method> <!-- beforetest -->
        <test-method is-config="true" signature="beforeclass()[pri:0, instance:testng.ConfigurationsAnnotations@2aceadd4]" started-at="2025-10-10T20:59:09 IST" name="beforeclass" finished-at="2025-10-10T20:59:09 IST" duration-ms="0" status="PASS">
          <reporter-output>
            <line>
              <![CDATA[@Beforeclass]]>
            </line>
          </reporter-output>
        </test-method> <!-- beforeclass -->
        <test-method is-config="true" signature="beforemethod()[pri:0, instance:testng.ConfigurationsAnnotations@2aceadd4]" started-at="2025-10-10T20:59:09 IST" name="beforemethod" finished-at="2025-10-10T20:59:09 IST" duration-ms="0" status="PASS">
          <reporter-output>
            <line>
              <![CDATA[@Beforemethod]]>
            </line>
          </reporter-output>
        </test-method> <!-- beforemethod -->
        <test-method signature="demo()[pri:0, instance:testng.ConfigurationsAnnotations@2aceadd4]" started-at="2025-10-10T20:59:09 IST" name="demo" finished-at="2025-10-10T20:59:09 IST" duration-ms="4" status="PASS">
          <reporter-output>
            <line>
              <![CDATA[@Test demo() executed]]>
            </line>
          </reporter-output>
        </test-method> <!-- demo -->
        <test-method is-config="true" signature="aftermethod()[pri:0, instance:testng.ConfigurationsAnnotations@2aceadd4]" started-at="2025-10-10T20:59:09 IST" name="aftermethod" finished-at="2025-10-10T20:59:09 IST" duration-ms="0" status="PASS">
          <reporter-output>
            <line>
              <![CDATA[@Aftermeethod]]>
            </line>
          </reporter-output>
        </test-method> <!-- aftermethod -->
        <test-method is-config="true" signature="afterclass()[pri:0, instance:testng.ConfigurationsAnnotations@2aceadd4]" started-at="2025-10-10T20:59:09 IST" name="afterclass" finished-at="2025-10-10T20:59:09 IST" duration-ms="0" status="PASS">
          <reporter-output>
            <line>
              <![CDATA[@Afterclass]]>
            </line>
          </reporter-output>
        </test-method> <!-- afterclass -->
        <test-method is-config="true" signature="aftertest()[pri:0, instance:testng.ConfigurationsAnnotations@2aceadd4]" started-at="2025-10-10T20:59:09 IST" name="aftertest" finished-at="2025-10-10T20:59:09 IST" duration-ms="1" status="PASS">
          <reporter-output>
            <line>
              <![CDATA[@Aftertest]]>
            </line>
          </reporter-output>
        </test-method> <!-- aftertest -->
        <test-method is-config="true" signature="aftersuite()[pri:0, instance:testng.ConfigurationsAnnotations@2aceadd4]" started-at="2025-10-10T20:59:09 IST" name="aftersuite" finished-at="2025-10-10T20:59:09 IST" duration-ms="1" status="PASS">
          <reporter-output>
            <line>
              <![CDATA[@aftersuite]]>
            </line>
          </reporter-output>
        </test-method> <!-- aftersuite -->
      </class> <!-- testng.ConfigurationsAnnotations -->
    </test> <!-- Default test -->
  </suite> <!-- Default suite -->
</testng-results>
