<?xml version="1.0" encoding="UTF-8"?>
<!-- Generated by org.testng.reporters.JUnitXMLReporter -->
<testsuite ignored="0" hostname="VENKATANANDA" failures="1" tests="4" name="Test" time="39.241" errors="0" timestamp="2025-04-30T23:06:35 IST">
  <testcase classname="testngassignment.TestScript3" name="clickOnElectronics" time="0.806">
    <failure type="java.lang.AssertionError" message="Electronics page is not Displayed expected [Demo Web Shop. Computers] but found [Demo Web Shop. Electronics]">
      <![CDATA[java.lang.AssertionError: Electronics page is not Displayed expected [Demo Web Shop. Computers] but found [Demo Web Shop. Electronics]
at testngassignment.TestScript3.clickOnElectronics(TestScript3.java:18)
at java.base/java.util.ArrayList.forEach(ArrayList.java:1596)
... Removed 30 stack frames]]>
    </failure>
  </testcase> <!-- clickOnElectronics -->
  <testcase classname="testngassignment.TestScript4" name="clickOnGiftcards" time="0.891"/>
  <testcase classname="testngassignment.TestScript2" name="clickOnComputers" time="0.838"/>
  <testcase classname="testngassignment.TestScript" name="clickOnBooks" time="1.306"/>
</testsuite> <!-- Test -->
