<?xml version="1.0" encoding="UTF-8"?>
<testng-results ignored="0" total="1" passed="1" failed="0" skipped="0">
  <reporter-output>
    <line>
      <![CDATA[Medicienes has been ordered]]>
    </line>
  </reporter-output>
  <suite started-at="2025-10-29T12:51:22 IST" name="Default suite" finished-at="2025-10-29T12:51:22 IST" duration-ms="51">
    <groups>
    </groups>
    <test started-at="2025-10-29T12:51:22 IST" name="Default test" finished-at="2025-10-29T12:51:22 IST" duration-ms="51">
      <class name="com.epharmaTestScript.PharmacyModule">
        <test-method signature="orderMedicine()[pri:0, instance:com.epharmaTestScript.PharmacyModule@6302bbb1]" started-at="2025-10-29T12:51:22 IST" name="orderMedicine" finished-at="2025-10-29T12:51:22 IST" duration-ms="10" status="PASS">
          <reporter-output>
            <line>
              <![CDATA[Medicienes has been ordered]]>
            </line>
          </reporter-output>
        </test-method> <!-- orderMedicine -->
      </class> <!-- com.epharmaTestScript.PharmacyModule -->
    </test> <!-- Default test -->
  </suite> <!-- Default suite -->
</testng-results>
